# JRE version: Java(TM) SE Runtime Environment (17.0.5+9) (build 17.0.5+9-LTS-191)
# Java VM: Java HotSpot(TM) 64-Bit Server VM (17.0.5+9-LTS-191, mixed mode, sharing, tiered, compressed oops, compressed class ptrs, g1 gc, windows-amd64)
GC Precious Log:
 CPUs: 8 total, 8 available
 Memory: 7617M
 Large Page Support: Disabled
 NUMA Support: Disabled
 Compressed Oops: Enabled (32-bit)
 Heap Region Size: 1M
 Heap Min Capacity: 8M
 Heap Initial Capacity: 120M
 Heap Max Capacity: 1536M
 Pre-touch: Disabled
 Parallel Workers: 8
 Concurrent Workers: 2
 Concurrent Refinement Workers: 8
 Periodic GC: Disabled
Heap:
 garbage-first heap   total 78848K, used 54893K [0x00000000a0000000, 0x0000000100000000)
  region size 1024K, 25 young (25600K), 3 survivors (3072K)
 Metaspace       used 40083K, committed 40576K, reserved 1089536K
  class space    used 5541K, committed 5760K, reserved 1048576K
GC Heap History (20 events):
Event: 6.890 GC heap before
{Heap before GC invocations=0 (full 0):
 garbage-first heap   total 122880K, used 28672K [0x00000000a0000000, 0x0000000100000000)
  region size 1024K, 23 young (23552K), 0 survivors (0K)
 Metaspace       used 2989K, committed 3136K, reserved 1056768K
  class space    used 379K, committed 448K, reserved 1048576K
}
Event: 7.001 GC heap after
{Heap after GC invocations=1 (full 0):
 garbage-first heap   total 122880K, used 9020K [0x00000000a0000000, 0x0000000100000000)
  region size 1024K, 3 young (3072K), 3 survivors (3072K)
 Metaspace       used 2989K, committed 3136K, reserved 1056768K
  class space    used 379K, committed 448K, reserved 1048576K
}
Event: 7.617 GC heap before
{Heap before GC invocations=1 (full 0):
 garbage-first heap   total 122880K, used 31548K [0x00000000a0000000, 0x0000000100000000)
  region size 1024K, 26 young (26624K), 3 survivors (3072K)
 Metaspace       used 3874K, committed 4096K, reserved 1056768K
  class space    used 474K, committed 576K, reserved 1048576K
}
Event: 7.624 GC heap after
{Heap after GC invocations=2 (full 0):
 garbage-first heap   total 122880K, used 10230K [0x00000000a0000000, 0x0000000100000000)
  region size 1024K, 2 young (2048K), 2 survivors (2048K)
 Metaspace       used 3874K, committed 4096K, reserved 1056768K
  class space    used 474K, committed 576K, reserved 1048576K
}
Event: 10.461 GC heap before
{Heap before GC invocations=2 (full 0):
 garbage-first heap   total 122880K, used 54262K [0x00000000a0000000, 0x0000000100000000)
  region size 1024K, 45 young (46080K), 2 survivors (2048K)
 Metaspace       used 11899K, committed 12160K, reserved 1064960K
  class space    used 1656K, committed 1792K, reserved 1048576K
}
Event: 10.469 GC heap after
{Heap after GC invocations=3 (full 0):
 garbage-first heap   total 122880K, used 17532K [0x00000000a0000000, 0x0000000100000000)
  region size 1024K, 6 young (6144K), 6 survivors (6144K)
 Metaspace       used 11899K, committed 12160K, reserved 1064960K
  class space    used 1656K, committed 1792K, reserved 1048576K
}
Event: 12.774 GC heap before
{Heap before GC invocations=3 (full 0):
 garbage-first heap   total 122880K, used 65660K [0x00000000a0000000, 0x0000000100000000)
  region size 1024K, 53 young (54272K), 6 survivors (6144K)
 Metaspace       used 19716K, committed 20032K, reserved 1073152K
  class space    used 2920K, committed 3072K, reserved 1048576K
}
Event: 12.781 GC heap after
{Heap after GC invocations=4 (full 0):
 garbage-first heap   total 122880K, used 20482K [0x00000000a0000000, 0x0000000100000000)
  region size 1024K, 3 young (3072K), 3 survivors (3072K)
 Metaspace       used 19716K, committed 20032K, reserved 1073152K
  class space    used 2920K, committed 3072K, reserved 1048576K
}
Event: 13.585 GC heap before
{Heap before GC invocations=4 (full 0):
 garbage-first heap   total 122880K, used 31746K [0x00000000a0000000, 0x0000000100000000)
  region size 1024K, 15 young (15360K), 3 survivors (3072K)
 Metaspace       used 21258K, committed 21504K, reserved 1073152K
  class space    used 3166K, committed 3264K, reserved 1048576K
}
Event: 13.590 GC heap after
{Heap after GC invocations=5 (full 0):
 garbage-first heap   total 122880K, used 21159K [0x00000000a0000000, 0x0000000100000000)
  region size 1024K, 4 young (4096K), 4 survivors (4096K)
 Metaspace       used 21258K, committed 21504K, reserved 1073152K
  class space    used 3166K, committed 3264K, reserved 1048576K
}
Event: 17.308 GC heap before
{Heap before GC invocations=6 (full 0):
 garbage-first heap   total 78848K, used 62119K [0x00000000a0000000, 0x0000000100000000)
  region size 1024K, 46 young (47104K), 4 survivors (4096K)
 Metaspace       used 29844K, committed 30144K, reserved 1081344K
  class space    used 4234K, committed 4352K, reserved 1048576K
}
Event: 17.316 GC heap after
{Heap after GC invocations=7 (full 0):
 garbage-first heap   total 78848K, used 25912K [0x00000000a0000000, 0x0000000100000000)
  region size 1024K, 6 young (6144K), 6 survivors (6144K)
 Metaspace       used 29844K, committed 30144K, reserved 1081344K
  class space    used 4234K, committed 4352K, reserved 1048576K
}
Event: 18.012 GC heap before
{Heap before GC invocations=7 (full 0):
 garbage-first heap   total 78848K, used 58680K [0x00000000a0000000, 0x0000000100000000)
  region size 1024K, 36 young (36864K), 6 survivors (6144K)
 Metaspace       used 31857K, committed 32192K, reserved 1081344K
  class space    used 4405K, committed 4544K, reserved 1048576K
}
Event: 18.019 GC heap after
{Heap after GC invocations=8 (full 0):
 garbage-first heap   total 78848K, used 28222K [0x00000000a0000000, 0x0000000100000000)
  region size 1024K, 4 young (4096K), 4 survivors (4096K)
 Metaspace       used 31857K, committed 32192K, reserved 1081344K
  class space    used 4405K, committed 4544K, reserved 1048576K
}
Event: 20.497 GC heap before
{Heap before GC invocations=8 (full 0):
 garbage-first heap   total 78848K, used 56894K [0x00000000a0000000, 0x0000000100000000)
  region size 1024K, 32 young (32768K), 4 survivors (4096K)
 Metaspace       used 34418K, committed 34816K, reserved 1081344K
  class space    used 4833K, committed 5056K, reserved 1048576K
}
Event: 20.502 GC heap after
{Heap after GC invocations=9 (full 0):
 garbage-first heap   total 78848K, used 30755K [0x00000000a0000000, 0x0000000100000000)
  region size 1024K, 3 young (3072K), 3 survivors (3072K)
 Metaspace       used 34418K, committed 34816K, reserved 1081344K
  class space    used 4833K, committed 5056K, reserved 1048576K
}
Event: 20.782 GC heap before
{Heap before GC invocations=9 (full 0):
 garbage-first heap   total 78848K, used 44067K [0x00000000a0000000, 0x0000000100000000)
  region size 1024K, 17 young (17408K), 3 survivors (3072K)
 Metaspace       used 35744K, committed 36096K, reserved 1081344K
  class space    used 4938K, committed 5120K, reserved 1048576K
}
Event: 20.787 GC heap after
{Heap after GC invocations=10 (full 0):
 garbage-first heap   total 78848K, used 31909K [0x00000000a0000000, 0x0000000100000000)
  region size 1024K, 2 young (2048K), 2 survivors (2048K)
 Metaspace       used 35744K, committed 36096K, reserved 1081344K
  class space    used 4938K, committed 5120K, reserved 1048576K
}
Event: 21.784 GC heap before
{Heap before GC invocations=11 (full 0):
 garbage-first heap   total 78848K, used 59557K [0x00000000a0000000, 0x0000000100000000)
  region size 1024K, 30 young (30720K), 2 survivors (2048K)
 Metaspace       used 38899K, committed 39360K, reserved 1089536K
  class space    used 5390K, committed 5632K, reserved 1048576K
}
Event: 21.789 GC heap after
{Heap after GC invocations=12 (full 0):
 garbage-first heap   total 78848K, used 33389K [0x00000000a0000000, 0x0000000100000000)
  region size 1024K, 3 young (3072K), 3 survivors (3072K)
 Metaspace       used 38899K, committed 39360K, reserved 1089536K
  class space    used 5390K, committed 5632K, reserved 1048576K
}

