# JRE version: OpenJDK Runtime Environment Temurin-17.0.6+10 (17.0.6+10) (build 17.0.6+10)
# Java VM: OpenJDK 64-Bit Server VM Temurin-17.0.6+10 (17.0.6+10, mixed mode, tiered, compressed oops, compressed class ptrs, parallel gc, windows-amd64)
GC Precious Log:
 CPUs: 8 total, 8 available
 Memory: 7617M
 Large Page Support: Disabled
 NUMA Support: Disabled
 Compressed Oops: Enabled (32-bit)
 Alignments: Space 512K, Generation 512K, Heap 2M
 Heap Min Capacity: 100M
 Heap Initial Capacity: 100M
 Heap Max Capacity: 1G
 Pre-touch: Disabled
 Parallel Workers: 8
Heap:
 PSYoungGen      total 19968K, used 9142K [0x00000000eab00000, 0x00000000ec680000, 0x0000000100000000)
  eden space 19456K, 44% used [0x00000000eab00000,0x00000000eb36dbe0,0x00000000ebe00000)
  from space 512K, 100% used [0x00000000ec600000,0x00000000ec680000,0x00000000ec680000)
  to   space 1024K, 0% used [0x00000000ec480000,0x00000000ec480000,0x00000000ec580000)
 ParOldGen       total 68608K, used 42602K [0x00000000c0000000, 0x00000000c4300000, 0x00000000eab00000)
  object space 68608K, 62% used [0x00000000c0000000,0x00000000c299a990,0x00000000c4300000)
 Metaspace       used 56129K, committed 57088K, reserved 1105920K
  class space    used 6553K, committed 6976K, reserved 1048576K
GC Heap History (20 events):
Event: 16.021 GC heap before
{Heap before GC invocations=17 (full 2):
 PSYoungGen      total 24064K, used 23744K [0x00000000eab00000, 0x00000000ec500000, 0x0000000100000000)
  eden space 21504K, 100% used [0x00000000eab00000,0x00000000ec000000,0x00000000ec000000)
  from space 2560K, 87% used [0x00000000ec280000,0x00000000ec4b0010,0x00000000ec500000)
  to   space 2560K, 0% used [0x00000000ec000000,0x00000000ec000000,0x00000000ec280000)
 ParOldGen       total 68608K, used 17572K [0x00000000c0000000, 0x00000000c4300000, 0x00000000eab00000)
  object space 68608K, 25% used [0x00000000c0000000,0x00000000c1129030,0x00000000c4300000)
 Metaspace       used 46742K, committed 47552K, reserved 1097728K
  class space    used 5058K, committed 5440K, reserved 1048576K
}
Event: 16.024 GC heap after
{Heap after GC invocations=17 (full 2):
 PSYoungGen      total 24064K, used 2528K [0x00000000eab00000, 0x00000000eca00000, 0x0000000100000000)
  eden space 21504K, 0% used [0x00000000eab00000,0x00000000eab00000,0x00000000ec000000)
  from space 2560K, 98% used [0x00000000ec000000,0x00000000ec278020,0x00000000ec280000)
  to   space 5120K, 0% used [0x00000000ec500000,0x00000000ec500000,0x00000000eca00000)
 ParOldGen       total 68608K, used 19676K [0x00000000c0000000, 0x00000000c4300000, 0x00000000eab00000)
  object space 68608K, 28% used [0x00000000c0000000,0x00000000c1337030,0x00000000c4300000)
 Metaspace       used 46742K, committed 47552K, reserved 1097728K
  class space    used 5058K, committed 5440K, reserved 1048576K
}
Event: 16.122 GC heap before
{Heap before GC invocations=18 (full 2):
 PSYoungGen      total 24064K, used 24032K [0x00000000eab00000, 0x00000000eca00000, 0x0000000100000000)
  eden space 21504K, 100% used [0x00000000eab00000,0x00000000ec000000,0x00000000ec000000)
  from space 2560K, 98% used [0x00000000ec000000,0x00000000ec278020,0x00000000ec280000)
  to   space 5120K, 0% used [0x00000000ec500000,0x00000000ec500000,0x00000000eca00000)
 ParOldGen       total 68608K, used 19676K [0x00000000c0000000, 0x00000000c4300000, 0x00000000eab00000)
  object space 68608K, 28% used [0x00000000c0000000,0x00000000c1337030,0x00000000c4300000)
 Metaspace       used 46749K, committed 47552K, reserved 1097728K
  class space    used 5058K, committed 5440K, reserved 1048576K
}
Event: 16.125 GC heap after
{Heap after GC invocations=18 (full 2):
 PSYoungGen      total 24064K, used 2336K [0x00000000eab00000, 0x00000000ec780000, 0x0000000100000000)
  eden space 21504K, 0% used [0x00000000eab00000,0x00000000eab00000,0x00000000ec000000)
  from space 2560K, 91% used [0x00000000ec500000,0x00000000ec748000,0x00000000ec780000)
  to   space 3584K, 0% used [0x00000000ec080000,0x00000000ec080000,0x00000000ec400000)
 ParOldGen       total 68608K, used 22207K [0x00000000c0000000, 0x00000000c4300000, 0x00000000eab00000)
  object space 68608K, 32% used [0x00000000c0000000,0x00000000c15aff68,0x00000000c4300000)
 Metaspace       used 46749K, committed 47552K, reserved 1097728K
  class space    used 5058K, committed 5440K, reserved 1048576K
}
Event: 16.289 GC heap before
{Heap before GC invocations=19 (full 2):
 PSYoungGen      total 24064K, used 23840K [0x00000000eab00000, 0x00000000ec780000, 0x0000000100000000)
  eden space 21504K, 100% used [0x00000000eab00000,0x00000000ec000000,0x00000000ec000000)
  from space 2560K, 91% used [0x00000000ec500000,0x00000000ec748000,0x00000000ec780000)
  to   space 3584K, 0% used [0x00000000ec080000,0x00000000ec080000,0x00000000ec400000)
 ParOldGen       total 68608K, used 22207K [0x00000000c0000000, 0x00000000c4300000, 0x00000000eab00000)
  object space 68608K, 32% used [0x00000000c0000000,0x00000000c15aff68,0x00000000c4300000)
 Metaspace       used 46750K, committed 47552K, reserved 1097728K
  class space    used 5058K, committed 5440K, reserved 1048576K
}
Event: 16.293 GC heap after
{Heap after GC invocations=19 (full 2):
 PSYoungGen      total 24576K, used 2656K [0x00000000eab00000, 0x00000000ec600000, 0x0000000100000000)
  eden space 21504K, 0% used [0x00000000eab00000,0x00000000eab00000,0x00000000ec000000)
  from space 3072K, 86% used [0x00000000ec080000,0x00000000ec318010,0x00000000ec380000)
  to   space 2560K, 0% used [0x00000000ec380000,0x00000000ec380000,0x00000000ec600000)
 ParOldGen       total 68608K, used 24439K [0x00000000c0000000, 0x00000000c4300000, 0x00000000eab00000)
  object space 68608K, 35% used [0x00000000c0000000,0x00000000c17ddf68,0x00000000c4300000)
 Metaspace       used 46750K, committed 47552K, reserved 1097728K
  class space    used 5058K, committed 5440K, reserved 1048576K
}
Event: 16.652 GC heap before
{Heap before GC invocations=20 (full 2):
 PSYoungGen      total 24576K, used 24160K [0x00000000eab00000, 0x00000000ec600000, 0x0000000100000000)
  eden space 21504K, 100% used [0x00000000eab00000,0x00000000ec000000,0x00000000ec000000)
  from space 3072K, 86% used [0x00000000ec080000,0x00000000ec318010,0x00000000ec380000)
  to   space 2560K, 0% used [0x00000000ec380000,0x00000000ec380000,0x00000000ec600000)
 ParOldGen       total 68608K, used 24439K [0x00000000c0000000, 0x00000000c4300000, 0x00000000eab00000)
  object space 68608K, 35% used [0x00000000c0000000,0x00000000c17ddf68,0x00000000c4300000)
 Metaspace       used 47262K, committed 48128K, reserved 1097728K
  class space    used 5115K, committed 5504K, reserved 1048576K
}
Event: 16.657 GC heap after
{Heap after GC invocations=20 (full 2):
 PSYoungGen      total 22016K, used 2560K [0x00000000eab00000, 0x00000000ecb00000, 0x0000000100000000)
  eden space 19456K, 0% used [0x00000000eab00000,0x00000000eab00000,0x00000000ebe00000)
  from space 2560K, 100% used [0x00000000ec380000,0x00000000ec600000,0x00000000ec600000)
  to   space 5632K, 0% used [0x00000000ebe00000,0x00000000ebe00000,0x00000000ec380000)
 ParOldGen       total 68608K, used 27023K [0x00000000c0000000, 0x00000000c4300000, 0x00000000eab00000)
  object space 68608K, 39% used [0x00000000c0000000,0x00000000c1a63f78,0x00000000c4300000)
 Metaspace       used 47262K, committed 48128K, reserved 1097728K
  class space    used 5115K, committed 5504K, reserved 1048576K
}
Event: 17.450 GC heap before
{Heap before GC invocations=21 (full 2):
 PSYoungGen      total 22016K, used 22016K [0x00000000eab00000, 0x00000000ecb00000, 0x0000000100000000)
  eden space 19456K, 100% used [0x00000000eab00000,0x00000000ebe00000,0x00000000ebe00000)
  from space 2560K, 100% used [0x00000000ec380000,0x00000000ec600000,0x00000000ec600000)
  to   space 5632K, 0% used [0x00000000ebe00000,0x00000000ebe00000,0x00000000ec380000)
 ParOldGen       total 68608K, used 27023K [0x00000000c0000000, 0x00000000c4300000, 0x00000000eab00000)
  object space 68608K, 39% used [0x00000000c0000000,0x00000000c1a63f78,0x00000000c4300000)
 Metaspace       used 48517K, committed 49344K, reserved 1097728K
  class space    used 5333K, committed 5696K, reserved 1048576K
}
Event: 17.456 GC heap after
{Heap after GC invocations=21 (full 2):
 PSYoungGen      total 25088K, used 5627K [0x00000000eab00000, 0x00000000ed400000, 0x0000000100000000)
  eden space 19456K, 0% used [0x00000000eab00000,0x00000000eab00000,0x00000000ebe00000)
  from space 5632K, 99% used [0x00000000ebe00000,0x00000000ec37ec30,0x00000000ec380000)
  to   space 11264K, 0% used [0x00000000ec900000,0x00000000ec900000,0x00000000ed400000)
 ParOldGen       total 68608K, used 31479K [0x00000000c0000000, 0x00000000c4300000, 0x00000000eab00000)
  object space 68608K, 45% used [0x00000000c0000000,0x00000000c1ebdeb0,0x00000000c4300000)
 Metaspace       used 48517K, committed 49344K, reserved 1097728K
  class space    used 5333K, committed 5696K, reserved 1048576K
}
Event: 18.323 GC heap before
{Heap before GC invocations=22 (full 2):
 PSYoungGen      total 25088K, used 25083K [0x00000000eab00000, 0x00000000ed400000, 0x0000000100000000)
  eden space 19456K, 100% used [0x00000000eab00000,0x00000000ebe00000,0x00000000ebe00000)
  from space 5632K, 99% used [0x00000000ebe00000,0x00000000ec37ec30,0x00000000ec380000)
  to   space 11264K, 0% used [0x00000000ec900000,0x00000000ec900000,0x00000000ed400000)
 ParOldGen       total 68608K, used 31479K [0x00000000c0000000, 0x00000000c4300000, 0x00000000eab00000)
  object space 68608K, 45% used [0x00000000c0000000,0x00000000c1ebdeb0,0x00000000c4300000)
 Metaspace       used 50223K, committed 51008K, reserved 1097728K
  class space    used 5620K, committed 6016K, reserved 1048576K
}
Event: 18.327 GC heap after
{Heap after GC invocations=22 (full 2):
 PSYoungGen      total 20480K, used 736K [0x00000000eab00000, 0x00000000eca00000, 0x0000000100000000)
  eden space 19456K, 0% used [0x00000000eab00000,0x00000000eab00000,0x00000000ebe00000)
  from space 1024K, 71% used [0x00000000ec900000,0x00000000ec9b8000,0x00000000eca00000)
  to   space 4608K, 0% used [0x00000000ec100000,0x00000000ec100000,0x00000000ec580000)
 ParOldGen       total 68608K, used 37040K [0x00000000c0000000, 0x00000000c4300000, 0x00000000eab00000)
  object space 68608K, 53% used [0x00000000c0000000,0x00000000c242c258,0x00000000c4300000)
 Metaspace       used 50223K, committed 51008K, reserved 1097728K
  class space    used 5620K, committed 6016K, reserved 1048576K
}
Event: 19.179 GC heap before
{Heap before GC invocations=23 (full 2):
 PSYoungGen      total 20480K, used 20192K [0x00000000eab00000, 0x00000000eca00000, 0x0000000100000000)
  eden space 19456K, 100% used [0x00000000eab00000,0x00000000ebe00000,0x00000000ebe00000)
  from space 1024K, 71% used [0x00000000ec900000,0x00000000ec9b8000,0x00000000eca00000)
  to   space 4608K, 0% used [0x00000000ec100000,0x00000000ec100000,0x00000000ec580000)
 ParOldGen       total 68608K, used 37040K [0x00000000c0000000, 0x00000000c4300000, 0x00000000eab00000)
  object space 68608K, 53% used [0x00000000c0000000,0x00000000c242c258,0x00000000c4300000)
 Metaspace       used 50250K, committed 51072K, reserved 1097728K
  class space    used 5620K, committed 6016K, reserved 1048576K
}
Event: 19.181 GC heap after
{Heap after GC invocations=23 (full 2):
 PSYoungGen      total 24064K, used 1254K [0x00000000eab00000, 0x00000000ec980000, 0x0000000100000000)
  eden space 19456K, 0% used [0x00000000eab00000,0x00000000eab00000,0x00000000ebe00000)
  from space 4608K, 27% used [0x00000000ec100000,0x00000000ec239938,0x00000000ec580000)
  to   space 2048K, 0% used [0x00000000ec780000,0x00000000ec780000,0x00000000ec980000)
 ParOldGen       total 68608K, used 37617K [0x00000000c0000000, 0x00000000c4300000, 0x00000000eab00000)
  object space 68608K, 54% used [0x00000000c0000000,0x00000000c24bc5f8,0x00000000c4300000)
 Metaspace       used 50250K, committed 51072K, reserved 1097728K
  class space    used 5620K, committed 6016K, reserved 1048576K
}
Event: 20.062 GC heap before
{Heap before GC invocations=24 (full 2):
 PSYoungGen      total 24064K, used 20710K [0x00000000eab00000, 0x00000000ec980000, 0x0000000100000000)
  eden space 19456K, 100% used [0x00000000eab00000,0x00000000ebe00000,0x00000000ebe00000)
  from space 4608K, 27% used [0x00000000ec100000,0x00000000ec239938,0x00000000ec580000)
  to   space 2048K, 0% used [0x00000000ec780000,0x00000000ec780000,0x00000000ec980000)
 ParOldGen       total 68608K, used 37617K [0x00000000c0000000, 0x00000000c4300000, 0x00000000eab00000)
  object space 68608K, 54% used [0x00000000c0000000,0x00000000c24bc5f8,0x00000000c4300000)
 Metaspace       used 50936K, committed 51776K, reserved 1097728K
  class space    used 5772K, committed 6144K, reserved 1048576K
}
Event: 20.066 GC heap after
{Heap after GC invocations=24 (full 2):
 PSYoungGen      total 21504K, used 2040K [0x00000000eab00000, 0x00000000ec980000, 0x0000000100000000)
  eden space 19456K, 0% used [0x00000000eab00000,0x00000000eab00000,0x00000000ebe00000)
  from space 2048K, 99% used [0x00000000ec780000,0x00000000ec97e118,0x00000000ec980000)
  to   space 5632K, 0% used [0x00000000ebe80000,0x00000000ebe80000,0x00000000ec400000)
 ParOldGen       total 68608K, used 40120K [0x00000000c0000000, 0x00000000c4300000, 0x00000000eab00000)
  object space 68608K, 58% used [0x00000000c0000000,0x00000000c272e280,0x00000000c4300000)
 Metaspace       used 50936K, committed 51776K, reserved 1097728K
  class space    used 5772K, committed 6144K, reserved 1048576K
}
Event: 20.644 GC heap before
{Heap before GC invocations=25 (full 2):
 PSYoungGen      total 21504K, used 21496K [0x00000000eab00000, 0x00000000ec980000, 0x0000000100000000)
  eden space 19456K, 100% used [0x00000000eab00000,0x00000000ebe00000,0x00000000ebe00000)
  from space 2048K, 99% used [0x00000000ec780000,0x00000000ec97e118,0x00000000ec980000)
  to   space 5632K, 0% used [0x00000000ebe80000,0x00000000ebe80000,0x00000000ec400000)
 ParOldGen       total 68608K, used 40120K [0x00000000c0000000, 0x00000000c4300000, 0x00000000eab00000)
  object space 68608K, 58% used [0x00000000c0000000,0x00000000c272e280,0x00000000c4300000)
 Metaspace       used 53109K, committed 54016K, reserved 1097728K
  class space    used 6148K, committed 6592K, reserved 1048576K
}
Event: 20.647 GC heap after
{Heap after GC invocations=25 (full 2):
 PSYoungGen      total 25088K, used 544K [0x00000000eab00000, 0x00000000ec800000, 0x0000000100000000)
  eden space 19456K, 0% used [0x00000000eab00000,0x00000000eab00000,0x00000000ebe00000)
  from space 5632K, 9% used [0x00000000ebe80000,0x00000000ebf08000,0x00000000ec400000)
  to   space 2048K, 0% used [0x00000000ec600000,0x00000000ec600000,0x00000000ec800000)
 ParOldGen       total 68608K, used 42130K [0x00000000c0000000, 0x00000000c4300000, 0x00000000eab00000)
  object space 68608K, 61% used [0x00000000c0000000,0x00000000c2924990,0x00000000c4300000)
 Metaspace       used 53109K, committed 54016K, reserved 1097728K
  class space    used 6148K, committed 6592K, reserved 1048576K
}
Event: 31.405 GC heap before
{Heap before GC invocations=26 (full 2):
 PSYoungGen      total 25088K, used 20000K [0x00000000eab00000, 0x00000000ec800000, 0x0000000100000000)
  eden space 19456K, 100% used [0x00000000eab00000,0x00000000ebe00000,0x00000000ebe00000)
  from space 5632K, 9% used [0x00000000ebe80000,0x00000000ebf08000,0x00000000ec400000)
  to   space 2048K, 0% used [0x00000000ec600000,0x00000000ec600000,0x00000000ec800000)
 ParOldGen       total 68608K, used 42130K [0x00000000c0000000, 0x00000000c4300000, 0x00000000eab00000)
  object space 68608K, 61% used [0x00000000c0000000,0x00000000c2924990,0x00000000c4300000)
 Metaspace       used 55275K, committed 56192K, reserved 1105920K
  class space    used 6438K, committed 6848K, reserved 1048576K
}
Event: 31.407 GC heap after
{Heap after GC invocations=26 (full 2):
 PSYoungGen      total 19968K, used 512K [0x00000000eab00000, 0x00000000ec680000, 0x0000000100000000)
  eden space 19456K, 0% used [0x00000000eab00000,0x00000000eab00000,0x00000000ebe00000)
  from space 512K, 100% used [0x00000000ec600000,0x00000000ec680000,0x00000000ec680000)
  to   space 1024K, 0% used [0x00000000ec480000,0x00000000ec480000,0x00000000ec580000)
 ParOldGen       total 68608K, used 42602K [0x00000000c0000000, 0x00000000c4300000, 0x00000000eab00000)
  object space 68608K, 62% used [0x00000000c0000000,0x00000000c299a990,0x00000000c4300000)
 Metaspace       used 55275K, committed 56192K, reserved 1105920K
  class space    used 6438K, committed 6848K, reserved 1048576K
}

